<?xml version="1.0" encoding="UTF-8"?>
<!-- Generated by org.testng.reporters.JUnitReportReporter -->
<testsuite skipped="0" hostname="USVAWXMCS0358" name="com.qa.viacom.tests.LoginPageTest" tests="1" failures="0" timestamp="11 Feb 2022 19:34:27 GMT" time="11.431" errors="0">
  <testcase name="test1" time="11.431" classname="com.qa.viacom.tests.LoginPageTest"/>
</testsuite> <!-- com.qa.viacom.tests.LoginPageTest -->
