<?xml version="1.0" encoding="UTF-8"?>
<!-- Generated by org.testng.reporters.JUnitReportReporter -->
<testsuite skipped="0" hostname="USVAWXMCS0681" name="com.qa.viacom.utils.DataProviderWithJson" tests="3" failures="0" timestamp="17 Feb 2022 08:48:13 GMT" time="0.067" errors="0">
  <testcase name="getDataFromJson" time="0.001" classname="com.qa.viacom.utils.DataProviderWithJson"/>
  <testcase name="getDataFromJson" time="0.002" classname="com.qa.viacom.utils.DataProviderWithJson"/>
  <testcase name="getDataFromJson" time="0.064" classname="com.qa.viacom.utils.DataProviderWithJson"/>
</testsuite> <!-- com.qa.viacom.utils.DataProviderWithJson -->
