<?xml version="1.0" encoding="UTF-8"?>
<!-- Generated by org.testng.reporters.JUnitReportReporter -->
<testsuite skipped="0" hostname="USVAWXMCS0358" name="com.qa.viacom.tests.HomePageTest" tests="1" failures="0" timestamp="12 Feb 2022 10:29:27 GMT" time="7.641" errors="0">
  <testcase name="test2" time="7.641" classname="com.qa.viacom.tests.HomePageTest"/>
</testsuite> <!-- com.qa.viacom.tests.HomePageTest -->
