<?xml version="1.0" encoding="UTF-8"?>
<!-- Generated by org.testng.reporters.JUnitReportReporter -->
<testsuite skipped="0" hostname="USVAWXMCS0681" name="com.qa.viacom.reports.ExtentReport" tests="1" failures="0" timestamp="18 Feb 2022 08:51:34 GMT" time="1.802" errors="0">
  <testcase name="initReports" time="1.802" classname="com.qa.viacom.reports.ExtentReport"/>
</testsuite> <!-- com.qa.viacom.reports.ExtentReport -->
