<?xml version="1.0" encoding="UTF-8"?>
<!-- Generated by org.testng.reporters.JUnitReportReporter -->
<testsuite skipped="0" hostname="USVAWXMCS0681" name="com.qa.viacom.utils.DataProviderUtilWithJson" tests="3" failures="0" timestamp="17 Feb 2022 13:41:14 GMT" time="0.074" errors="0">
  <testcase name="getDataFromJson" time="0.066" classname="com.qa.viacom.utils.DataProviderUtilWithJson"/>
  <testcase name="getDataFromJson" time="0.003" classname="com.qa.viacom.utils.DataProviderUtilWithJson"/>
  <testcase name="getDataFromJson" time="0.005" classname="com.qa.viacom.utils.DataProviderUtilWithJson"/>
</testsuite> <!-- com.qa.viacom.utils.DataProviderUtilWithJson -->
