<?xml version="1.0" encoding="UTF-8"?>
<!-- Generated by org.testng.reporters.JUnitReportReporter -->
<testsuite skipped="0" hostname="USVAWXMCS0265" name="com.qa.viacom.utils.ExcelUtils" tests="1" failures="0" timestamp="22 Feb 2022 07:44:07 GMT" time="0.802" errors="0">
  <testcase name="printExcelData" time="0.802" classname="com.qa.viacom.utils.ExcelUtils"/>
</testsuite> <!-- com.qa.viacom.utils.ExcelUtils -->
