<?xml version="1.0" encoding="UTF-8"?>
<!-- Generated by org.testng.reporters.JUnitReportReporter -->
<testsuite skipped="0" hostname="USVAWXMCS0681" name="com.qa.viacom.utils.DataProviderUtilWithJson2" tests="3" failures="0" timestamp="17 Feb 2022 10:38:26 GMT" time="0.082" errors="0">
  <testcase name="getDataFromJson" time="0.073" classname="com.qa.viacom.utils.DataProviderUtilWithJson2"/>
  <testcase name="getDataFromJson" time="0.004" classname="com.qa.viacom.utils.DataProviderUtilWithJson2"/>
  <testcase name="getDataFromJson" time="0.005" classname="com.qa.viacom.utils.DataProviderUtilWithJson2"/>
</testsuite> <!-- com.qa.viacom.utils.DataProviderUtilWithJson2 -->
