<?xml version="1.0" encoding="UTF-8"?>
<!-- Generated by org.testng.reporters.JUnitReportReporter -->
<testsuite skipped="0" hostname="USVAWXMCS0681" name="com.qa.viacom.utils.DataProviderUtilWithExcel" tests="3" failures="0" timestamp="16 Feb 2022 18:24:36 GMT" time="0.089" errors="0">
  <testcase name="test2" time="0.003" classname="com.qa.viacom.utils.DataProviderUtilWithExcel"/>
  <testcase name="test2" time="0.081" classname="com.qa.viacom.utils.DataProviderUtilWithExcel"/>
  <testcase name="test2" time="0.005" classname="com.qa.viacom.utils.DataProviderUtilWithExcel"/>
</testsuite> <!-- com.qa.viacom.utils.DataProviderUtilWithExcel -->
