<?xml version="1.0" encoding="UTF-8"?>
<!-- Generated by org.testng.reporters.JUnitReportReporter -->
<testsuite skipped="0" hostname="USVAWXMCS0265" name="com.qa.company.tests.AmazonDemoTest" tests="1" failures="0" timestamp="22 Feb 2022 18:43:47 GMT" time="14.638" errors="0">
  <testcase name="amazonDemoTest" time="14.638" classname="com.qa.company.tests.AmazonDemoTest"/>
</testsuite> <!-- com.qa.company.tests.AmazonDemoTest -->
